# JRE version: OpenJDK Runtime Environment (8.0_242-b01) (build 1.8.0_242-release-1644-b01)
# Java VM: OpenJDK 64-Bit Server VM (25.242-b01 mixed mode windows-amd64 compressed oops)
Heap:
 PSYoungGen      total 519680K, used 227849K [0x00000000d5580000, 0x00000000fc100000, 0x0000000100000000)
  eden space 452608K, 44% used [0x00000000d5580000,0x00000000e18ec890,0x00000000f0f80000)
  from space 67072K, 41% used [0x00000000f4d80000,0x00000000f6895f68,0x00000000f8f00000)
  to   space 63488K, 0% used [0x00000000f0f80000,0x00000000f0f80000,0x00000000f4d80000)
 ParOldGen       total 322560K, used 61705K [0x0000000080000000, 0x0000000093b00000, 0x00000000d5580000)
  object space 322560K, 19% used [0x0000000080000000,0x0000000083c42400,0x0000000093b00000)
 Metaspace       used 93036K, capacity 99078K, committed 99352K, reserved 1134592K
  class space    used 12211K, capacity 13255K, committed 13360K, reserved 1048576K
GC Heap History (10 events):
Event: 272.724 GC heap before
{Heap before GC invocations=14 (full 3):
 PSYoungGen      total 425472K, used 425312K [0x00000000d5580000, 0x00000000f1e80000, 0x0000000100000000)
  eden space 397824K, 100% used [0x00000000d5580000,0x00000000eda00000,0x00000000eda00000)
  from space 27648K, 99% used [0x00000000f0380000,0x00000000f1e58170,0x00000000f1e80000)
  to   space 33280K, 0% used [0x00000000edd80000,0x00000000edd80000,0x00000000efe00000)
 ParOldGen       total 202240K, used 42439K [0x0000000080000000, 0x000000008c580000, 0x00000000d5580000)
  object space 202240K, 20% used [0x0000000080000000,0x0000000082971f60,0x000000008c580000)
 Metaspace       used 90345K, capacity 96064K, committed 96152K, reserved 1132544K
  class space    used 12176K, capacity 13192K, committed 13232K, reserved 1048576K
Event: 272.800 GC heap after
Heap after GC invocations=14 (full 3):
 PSYoungGen      total 434688K, used 33248K [0x00000000d5580000, 0x00000000f9d00000, 0x0000000100000000)
  eden space 401408K, 0% used [0x00000000d5580000,0x00000000d5580000,0x00000000edd80000)
  from space 33280K, 99% used [0x00000000edd80000,0x00000000efdf80c0,0x00000000efe00000)
  to   space 60928K, 0% used [0x00000000f6180000,0x00000000f6180000,0x00000000f9d00000)
 ParOldGen       total 202240K, used 103957K [0x0000000080000000, 0x000000008c580000, 0x00000000d5580000)
  object space 202240K, 51% used [0x0000000080000000,0x0000000086585638,0x000000008c580000)
 Metaspace       used 90345K, capacity 96064K, committed 96152K, reserved 1132544K
  class space    used 12176K, capacity 13192K, committed 13232K, reserved 1048576K
}
Event: 430.741 GC heap before
{Heap before GC invocations=15 (full 3):
 PSYoungGen      total 434688K, used 434656K [0x00000000d5580000, 0x00000000f9d00000, 0x0000000100000000)
  eden space 401408K, 100% used [0x00000000d5580000,0x00000000edd80000,0x00000000edd80000)
  from space 33280K, 99% used [0x00000000edd80000,0x00000000efdf80c0,0x00000000efe00000)
  to   space 60928K, 0% used [0x00000000f6180000,0x00000000f6180000,0x00000000f9d00000)
 ParOldGen       total 202240K, used 103957K [0x0000000080000000, 0x000000008c580000, 0x00000000d5580000)
  object space 202240K, 51% used [0x0000000080000000,0x0000000086585638,0x000000008c580000)
 Metaspace       used 91735K, capacity 97714K, committed 97816K, reserved 1134592K
  class space    used 12226K, capacity 13269K, committed 13360K, reserved 1048576K
Event: 430.795 GC heap after
Heap after GC invocations=15 (full 3):
 PSYoungGen      total 526848K, used 59518K [0x00000000d5580000, 0x00000000fa680000, 0x0000000100000000)
  eden space 465920K, 0% used [0x00000000d5580000,0x00000000d5580000,0x00000000f1c80000)
  from space 60928K, 97% used [0x00000000f6180000,0x00000000f9b9f8e8,0x00000000f9d00000)
  to   space 70656K, 0% used [0x00000000f1c80000,0x00000000f1c80000,0x00000000f6180000)
 ParOldGen       total 202240K, used 118996K [0x0000000080000000, 0x000000008c580000, 0x00000000d5580000)
  object space 202240K, 58% used [0x0000000080000000,0x0000000087435260,0x000000008c580000)
 Metaspace       used 91735K, capacity 97714K, committed 97816K, reserved 1134592K
  class space    used 12226K, capacity 13269K, committed 13360K, reserved 1048576K
}
Event: 829.486 GC heap before
{Heap before GC invocations=16 (full 3):
 PSYoungGen      total 526848K, used 323695K [0x00000000d5580000, 0x00000000fa680000, 0x0000000100000000)
  eden space 465920K, 56% used [0x00000000d5580000,0x00000000e577c6a0,0x00000000f1c80000)
  from space 60928K, 97% used [0x00000000f6180000,0x00000000f9b9f8e8,0x00000000f9d00000)
  to   space 70656K, 0% used [0x00000000f1c80000,0x00000000f1c80000,0x00000000f6180000)
 ParOldGen       total 202240K, used 118996K [0x0000000080000000, 0x000000008c580000, 0x00000000d5580000)
  object space 202240K, 58% used [0x0000000080000000,0x0000000087435260,0x000000008c580000)
 Metaspace       used 92304K, capacity 98522K, committed 98584K, reserved 1134592K
  class space    used 12264K, capacity 13337K, committed 13360K, reserved 1048576K
Event: 829.516 GC heap after
Heap after GC invocations=16 (full 3):
 PSYoungGen      total 479232K, used 29934K [0x00000000d5580000, 0x00000000f8f00000, 0x0000000100000000)
  eden space 449024K, 0% used [0x00000000d5580000,0x00000000d5580000,0x00000000f0c00000)
  from space 30208K, 99% used [0x00000000f1c80000,0x00000000f39bbaf0,0x00000000f3a00000)
  to   space 67072K, 0% used [0x00000000f4d80000,0x00000000f4d80000,0x00000000f8f00000)
 ParOldGen       total 202240K, used 119004K [0x0000000080000000, 0x000000008c580000, 0x00000000d5580000)
  object space 202240K, 58% used [0x0000000080000000,0x0000000087437260,0x000000008c580000)
 Metaspace       used 92304K, capacity 98522K, committed 98584K, reserved 1134592K
  class space    used 12264K, capacity 13337K, committed 13360K, reserved 1048576K
}
Event: 829.516 GC heap before
{Heap before GC invocations=17 (full 4):
 PSYoungGen      total 479232K, used 29934K [0x00000000d5580000, 0x00000000f8f00000, 0x0000000100000000)
  eden space 449024K, 0% used [0x00000000d5580000,0x00000000d5580000,0x00000000f0c00000)
  from space 30208K, 99% used [0x00000000f1c80000,0x00000000f39bbaf0,0x00000000f3a00000)
  to   space 67072K, 0% used [0x00000000f4d80000,0x00000000f4d80000,0x00000000f8f00000)
 ParOldGen       total 202240K, used 119004K [0x0000000080000000, 0x000000008c580000, 0x00000000d5580000)
  object space 202240K, 58% used [0x0000000080000000,0x0000000087437260,0x000000008c580000)
 Metaspace       used 92304K, capacity 98522K, committed 98584K, reserved 1134592K
  class space    used 12264K, capacity 13337K, committed 13360K, reserved 1048576K
Event: 829.661 GC heap after
Heap after GC invocations=17 (full 4):
 PSYoungGen      total 479232K, used 0K [0x00000000d5580000, 0x00000000f8f00000, 0x0000000100000000)
  eden space 449024K, 0% used [0x00000000d5580000,0x00000000d5580000,0x00000000f0c00000)
  from space 30208K, 0% used [0x00000000f1c80000,0x00000000f1c80000,0x00000000f3a00000)
  to   space 67072K, 0% used [0x00000000f4d80000,0x00000000f4d80000,0x00000000f8f00000)
 ParOldGen       total 322560K, used 61697K [0x0000000080000000, 0x0000000093b00000, 0x00000000d5580000)
  object space 322560K, 19% used [0x0000000080000000,0x0000000083c40400,0x0000000093b00000)
 Metaspace       used 91719K, capacity 96818K, committed 98584K, reserved 1134592K
  class space    used 12071K, capacity 12999K, committed 13360K, reserved 1048576K
}
Event: 945.943 GC heap before
{Heap before GC invocations=18 (full 4):
 PSYoungGen      total 479232K, used 449024K [0x00000000d5580000, 0x00000000f8f00000, 0x0000000100000000)
  eden space 449024K, 100% used [0x00000000d5580000,0x00000000f0c00000,0x00000000f0c00000)
  from space 30208K, 0% used [0x00000000f1c80000,0x00000000f1c80000,0x00000000f3a00000)
  to   space 67072K, 0% used [0x00000000f4d80000,0x00000000f4d80000,0x00000000f8f00000)
 ParOldGen       total 322560K, used 61697K [0x0000000080000000, 0x0000000093b00000, 0x00000000d5580000)
  object space 322560K, 19% used [0x0000000080000000,0x0000000083c40400,0x0000000093b00000)
 Metaspace       used 92846K, capacity 98762K, committed 99096K, reserved 1134592K
  class space    used 12200K, capacity 13235K, committed 13360K, reserved 1048576K
Event: 945.960 GC heap after
Heap after GC invocations=18 (full 4):
 PSYoungGen      total 519680K, used 27735K [0x00000000d5580000, 0x00000000fc100000, 0x0000000100000000)
  eden space 452608K, 0% used [0x00000000d5580000,0x00000000d5580000,0x00000000f0f80000)
  from space 67072K, 41% used [0x00000000f4d80000,0x00000000f6895f68,0x00000000f8f00000)
  to   space 63488K, 0% used [0x00000000f0f80000,0x00000000f0f80000,0x00000000f4d80000)
 ParOldGen       total 322560K, used 61705K [0x0000000080000000, 0x0000000093b00000, 0x00000000d5580000)
  object space 322560K, 19% used [0x0000000080000000,0x0000000083c42400,0x0000000093b00000)
 Metaspace       used 92846K, capacity 98762K, committed 99096K, reserved 1134592K
  class space    used 12200K, capacity 13235K, committed 13360K, reserved 1048576K
}

